0 info it worked if it ends with ok
1 verbose cli [ '/Users/ferrari/.nvm/versions/node/v5.8.0/bin/node',
1 verbose cli   '/Users/ferrari/.nvm/versions/node/v5.8.0/bin/npm',
1 verbose cli   'run',
1 verbose cli   'test' ]
2 info using npm@3.7.3
3 info using node@v5.8.0
4 verbose run-script [ 'pretest', 'test', 'posttest' ]
5 info lifecycle re-state@0.0.1~pretest: re-state@0.0.1
6 silly lifecycle re-state@0.0.1~pretest: no script for pretest, continuing
7 info lifecycle re-state@0.0.1~test: re-state@0.0.1
8 verbose lifecycle re-state@0.0.1~test: unsafe-perm in lifecycle true
9 verbose lifecycle re-state@0.0.1~test: PATH: /Users/ferrari/.nvm/versions/node/v5.8.0/lib/node_modules/npm/bin/node-gyp-bin:/Users/ferrari/projects/restate/node_modules/.bin:/Users/ferrari/.nvm/versions/node/v5.8.0/bin:/Users/ferrari/.nvm/versions/node/v5.8.0/bin:/usr/local/bin:/usr/bin:/bin:/usr/sbin:/sbin
10 verbose lifecycle re-state@0.0.1~test: CWD: /Users/ferrari/projects/restate
11 silly lifecycle re-state@0.0.1~test: Args: [ '-c', 'babel-node ./spec/run-jasmine.js' ]
12 silly lifecycle re-state@0.0.1~test: Returned: code: 1  signal: null
13 info lifecycle re-state@0.0.1~test: Failed to exec test script
14 verbose stack Error: re-state@0.0.1 test: `babel-node ./spec/run-jasmine.js`
14 verbose stack Exit status 1
14 verbose stack     at EventEmitter.<anonymous> (/Users/ferrari/.nvm/versions/node/v5.8.0/lib/node_modules/npm/lib/utils/lifecycle.js:239:16)
14 verbose stack     at emitTwo (events.js:100:13)
14 verbose stack     at EventEmitter.emit (events.js:185:7)
14 verbose stack     at ChildProcess.<anonymous> (/Users/ferrari/.nvm/versions/node/v5.8.0/lib/node_modules/npm/lib/utils/spawn.js:24:14)
14 verbose stack     at emitTwo (events.js:100:13)
14 verbose stack     at ChildProcess.emit (events.js:185:7)
14 verbose stack     at maybeClose (internal/child_process.js:850:16)
14 verbose stack     at Process.ChildProcess._handle.onexit (internal/child_process.js:215:5)
15 verbose pkgid re-state@0.0.1
16 verbose cwd /Users/ferrari/projects/restate
17 error Darwin 15.5.0
18 error argv "/Users/ferrari/.nvm/versions/node/v5.8.0/bin/node" "/Users/ferrari/.nvm/versions/node/v5.8.0/bin/npm" "run" "test"
19 error node v5.8.0
20 error npm  v3.7.3
21 error code ELIFECYCLE
22 error re-state@0.0.1 test: `babel-node ./spec/run-jasmine.js`
22 error Exit status 1
23 error Failed at the re-state@0.0.1 test script 'babel-node ./spec/run-jasmine.js'.
23 error Make sure you have the latest version of node.js and npm installed.
23 error If you do, this is most likely a problem with the re-state package,
23 error not with npm itself.
23 error Tell the author that this fails on your system:
23 error     babel-node ./spec/run-jasmine.js
23 error You can get information on how to open an issue for this project with:
23 error     npm bugs re-state
23 error Or if that isn't available, you can get their info via:
23 error     npm owner ls re-state
23 error There is likely additional logging output above.
24 verbose exit [ 1, true ]
